  main.cpp
D:\cods\c++\22-ИСТ-1_Кандрушин_Максим_Курсовая_19.04.2023\main.cpp(47,80): warning C4244: аргумент: преобразование "int" в "T", возможна потеря данных
          with
          [
              T=float
          ]
D:\cods\c++\22-ИСТ-1_Кандрушин_Максим_Курсовая_19.04.2023\main.cpp(47,59): warning C4244: аргумент: преобразование "int" в "T", возможна потеря данных
          with
          [
              T=float
          ]
D:\cods\c++\22-ИСТ-1_Кандрушин_Максим_Курсовая_19.04.2023\main.cpp(118,18): warning C4244: инициализация: преобразование "double" в "int", возможна потеря данных
D:\cods\c++\22-ИСТ-1_Кандрушин_Максим_Курсовая_19.04.2023\main.cpp(150,65): warning C4244: аргумент: преобразование "int" в "T", возможна потеря данных
          with
          [
              T=float
          ]
D:\cods\c++\22-ИСТ-1_Кандрушин_Максим_Курсовая_19.04.2023\main.cpp(150,44): warning C4244: аргумент: преобразование "int" в "T", возможна потеря данных
          with
          [
              T=float
          ]
D:\cods\c++\22-ИСТ-1_Кандрушин_Максим_Курсовая_19.04.2023\main.cpp(155,63): warning C4244: аргумент: преобразование "int" в "T", возможна потеря данных
          with
          [
              T=float
          ]
D:\cods\c++\22-ИСТ-1_Кандрушин_Максим_Курсовая_19.04.2023\main.cpp(155,42): warning C4244: аргумент: преобразование "int" в "T", возможна потеря данных
          with
          [
              T=float
          ]
D:\cods\c++\22-ИСТ-1_Кандрушин_Максим_Курсовая_19.04.2023\main.cpp(202,56): warning C4244: аргумент: преобразование "T" в "T", возможна потеря данных
          with
          [
              T=int
          ]
          and
          [
              T=float
          ]
D:\cods\c++\22-ИСТ-1_Кандрушин_Максим_Курсовая_19.04.2023\main.cpp(202,44): warning C4244: аргумент: преобразование "T" в "T", возможна потеря данных
          with
          [
              T=int
          ]
          and
          [
              T=float
          ]
  Курсовая работа 2023.vcxproj -> D:\cods\c++\22-ИСТ-1_Кандрушин_Максим_Курсовая_19.04.2023\x64\Debug\Курсовая работа 2023.exe
